<?xml version="1.0" encoding="UTF-8"?>
<!-- Generated by org.testng.reporters.JUnitReportReporter -->
<testsuite hostname="AGLGGNLAP0234" failures="0" tests="2" name="com.test.NexaLQS.Testing_NEXA_LQS_Performance" time="52.137" errors="0" timestamp="17 Jan 2019 10:06:02 GMT" skipped="0">
  <testcase classname="com.test.NexaLQS.Testing_NEXA_LQS_Performance" name="Insurance_openBrowser" time="20.151"/>
  <testcase classname="com.test.NexaLQS.Testing_NEXA_LQS_Performance" name="Insurance_openDealerBrowser" time="31.986"/>
</testsuite> <!-- com.test.NexaLQS.Testing_NEXA_LQS_Performance -->
